<?xml version="1.0" encoding="UTF-8"?>
<testsuite xmlns:xsi="http://www.w3.org/2001/XMLSchema-instance" xsi:noNamespaceSchemaLocation="https://maven.apache.org/surefire/maven-surefire-plugin/xsd/surefire-test-report.xsd" name="dev.AppTest" time="0.031" tests="1" errors="0" skipped="0" failures="0">
  <properties>
    <property name="sun.desktop" value="windows"/>
    <property name="awt.toolkit" value="sun.awt.windows.WToolkit"/>
    <property name="file.encoding.pkg" value="sun.io"/>
    <property name="java.specification.version" value="1.8"/>
    <property name="sun.cpu.isalist" value="amd64"/>
    <property name="sun.jnu.encoding" value="Cp1252"/>
    <property name="java.class.path" value="E:\maven\mvnrepo\samplemvn\target\test-classes;E:\maven\mvnrepo\samplemvn\target\classes;C:\Users\Lokesh G\.m2\repository\junit\junit\4.11\junit-4.11.jar;C:\Users\Lokesh G\.m2\repository\org\hamcrest\hamcrest-core\1.3\hamcrest-core-1.3.jar;"/>
    <property name="java.vm.vendor" value="Oracle Corporation"/>
    <property name="sun.arch.data.model" value="64"/>
    <property name="user.variant" value=""/>
    <property name="java.vendor.url" value="http://java.oracle.com/"/>
    <property name="user.timezone" value="Asia/Calcutta"/>
    <property name="java.vm.specification.version" value="1.8"/>
    <property name="os.name" value="Windows 10"/>
    <property name="user.country" value="IN"/>
    <property name="sun.java.launcher" value="SUN_STANDARD"/>
    <property name="sun.boot.library.path" value="C:\Program Files\Java\jdk1.8.0_201\jre\bin"/>
    <property name="sun.java.command" value="C:\Users\LOKESH~1\AppData\Local\Temp\surefire7803404394390670309\surefirebooter6879483601897891608.jar C:\Users\Lokesh G\AppData\Local\Temp\surefire7803404394390670309 2019-07-30T12-36-28_600-jvmRun1 surefire7026123497603755003tmp surefire_04585764775385017337tmp"/>
    <property name="surefire.test.class.path" value="E:\maven\mvnrepo\samplemvn\target\test-classes;E:\maven\mvnrepo\samplemvn\target\classes;C:\Users\Lokesh G\.m2\repository\junit\junit\4.11\junit-4.11.jar;C:\Users\Lokesh G\.m2\repository\org\hamcrest\hamcrest-core\1.3\hamcrest-core-1.3.jar;"/>
    <property name="sun.cpu.endian" value="little"/>
    <property name="user.home" value="C:\Users\Lokesh G"/>
    <property name="user.language" value="en"/>
    <property name="java.specification.vendor" value="Oracle Corporation"/>
    <property name="java.home" value="C:\Program Files\Java\jdk1.8.0_201\jre"/>
    <property name="basedir" value="E:\maven\mvnrepo\samplemvn"/>
    <property name="file.separator" value="\"/>
    <property name="line.separator" value="&#10;"/>
    <property name="java.vm.specification.vendor" value="Oracle Corporation"/>
    <property name="java.specification.name" value="Java Platform API Specification"/>
    <property name="java.awt.graphicsenv" value="sun.awt.Win32GraphicsEnvironment"/>
    <property name="surefire.real.class.path" value="C:\Users\LOKESH~1\AppData\Local\Temp\surefire7803404394390670309\surefirebooter6879483601897891608.jar"/>
    <property name="sun.boot.class.path" value="C:\Program Files\Java\jdk1.8.0_201\jre\lib\resources.jar;C:\Program Files\Java\jdk1.8.0_201\jre\lib\rt.jar;C:\Program Files\Java\jdk1.8.0_201\jre\lib\sunrsasign.jar;C:\Program Files\Java\jdk1.8.0_201\jre\lib\jsse.jar;C:\Program Files\Java\jdk1.8.0_201\jre\lib\jce.jar;C:\Program Files\Java\jdk1.8.0_201\jre\lib\charsets.jar;C:\Program Files\Java\jdk1.8.0_201\jre\lib\jfr.jar;C:\Program Files\Java\jdk1.8.0_201\jre\classes"/>
    <property name="user.script" value=""/>
    <property name="sun.management.compiler" value="HotSpot 64-Bit Tiered Compilers"/>
    <property name="java.runtime.version" value="1.8.0_201-b09"/>
    <property name="user.name" value="Lokesh G"/>
    <property name="path.separator" value=";"/>
    <property name="os.version" value="10.0"/>
    <property name="java.endorsed.dirs" value="C:\Program Files\Java\jdk1.8.0_201\jre\lib\endorsed"/>
    <property name="java.runtime.name" value="Java(TM) SE Runtime Environment"/>
    <property name="file.encoding" value="Cp1252"/>
    <property name="java.vm.name" value="Java HotSpot(TM) 64-Bit Server VM"/>
    <property name="localRepository" value="C:\Users\Lokesh G\.m2\repository"/>
    <property name="java.vendor.url.bug" value="http://bugreport.sun.com/bugreport/"/>
    <property name="java.io.tmpdir" value="C:\Users\LOKESH~1\AppData\Local\Temp\"/>
    <property name="java.version" value="1.8.0_201"/>
    <property name="user.dir" value="E:\maven\mvnrepo\samplemvn"/>
    <property name="os.arch" value="amd64"/>
    <property name="java.vm.specification.name" value="Java Virtual Machine Specification"/>
    <property name="java.awt.printerjob" value="sun.awt.windows.WPrinterJob"/>
    <property name="sun.os.patch.level" value=""/>
    <property name="java.library.path" value="C:\Program Files\Java\jdk1.8.0_201\jre\bin;C:\windows\Sun\Java\bin;C:\windows\system32;C:\windows;C:\Users\Lokesh G\bin;C:\Program Files\Git\mingw64\bin;C:\Program Files\Git\usr\local\bin;C:\Program Files\Git\usr\bin;C:\Program Files\Git\usr\bin;C:\Program Files\Git\mingw64\bin;C:\Program Files\Git\usr\bin;C:\Users\Lokesh G\bin;C:\Program Files (x86)\Common Files\Oracle\Java\javapath;C:\windows\system32;C:\windows;C:\windows\System32\Wbem;C:\windows\System32\WindowsPowerShell\v1.0;C:\windows\System32\OpenSSH;C:\Program Files\Git\cmd;C:\Program Files\PuTTY;C:\Program Files\Java\jdk1.8.0_201\bin;C:\opscode\chefdk\bin;E:\apache-maven-3.6.1\bin;C:\Users\Lokesh G\AppData\Local\Programs\Python\Python36\Scripts;C:\Users\Lokesh G\AppData\Local\Programs\Python\Python36;C:\Users\Lokesh G\AppData\Local\Microsoft\WindowsApps;C:\Program Files\Docker Toolbox;C:\Program Files\Docker Toolbox;C:\Program Files\Git\usr\bin\vendor_perl;C:\Program Files\Git\usr\bin\core_perl;."/>
    <property name="java.vm.info" value="mixed mode"/>
    <property name="java.vendor" value="Oracle Corporation"/>
    <property name="java.vm.version" value="25.201-b09"/>
    <property name="java.ext.dirs" value="C:\Program Files\Java\jdk1.8.0_201\jre\lib\ext;C:\windows\Sun\Java\lib\ext"/>
    <property name="sun.io.unicode.encoding" value="UnicodeLittle"/>
    <property name="java.class.version" value="52.0"/>
  </properties>
  <testcase name="shouldAnswerWithTrue" classname="dev.AppTest" time="0"/>
</testsuite>